  stdafx.cpp
  winMain.cpp
  utils.cpp
  timer.cpp
  timeManager.cpp
d:\programming\github\2dportfolio\tankgame\timemanager.cpp(47): warning C4996: 'sprintf': This function or variable may be unsafe. Consider using sprintf_s instead. To disable deprecation, use _CRT_SECURE_NO_WARNINGS. See online help for details.
  c:\program files (x86)\windows kits\10\include\10.0.10240.0\ucrt\stdio.h(1769): note: 'sprintf' 선언을 참조하십시오.
d:\programming\github\2dportfolio\tankgame\timemanager.cpp(50): warning C4996: 'sprintf': This function or variable may be unsafe. Consider using sprintf_s instead. To disable deprecation, use _CRT_SECURE_NO_WARNINGS. See online help for details.
  c:\program files (x86)\windows kits\10\include\10.0.10240.0\ucrt\stdio.h(1769): note: 'sprintf' 선언을 참조하십시오.
d:\programming\github\2dportfolio\tankgame\timemanager.cpp(53): warning C4996: 'sprintf': This function or variable may be unsafe. Consider using sprintf_s instead. To disable deprecation, use _CRT_SECURE_NO_WARNINGS. See online help for details.
  c:\program files (x86)\windows kits\10\include\10.0.10240.0\ucrt\stdio.h(1769): note: 'sprintf' 선언을 참조하십시오.
  structureManager.cpp
d:\programming\github\2dportfolio\tankgame\structuremanager.cpp(73): warning C4805: '==': 연산에 'BOOL' 형식과 'bool' 형식을 함께 사용하는 것은 안전하지 않습니다.
  structure.cpp
d:\programming\github\2dportfolio\tankgame\structure.cpp(31): warning C4244: '인수': 'float'에서 'int'(으)로 변환하면서 데이터가 손실될 수 있습니다.
d:\programming\github\2dportfolio\tankgame\structure.cpp(34): warning C4244: '인수': 'float'에서 'int'(으)로 변환하면서 데이터가 손실될 수 있습니다.
d:\programming\github\2dportfolio\tankgame\structure.cpp(37): warning C4244: '인수': 'float'에서 'int'(으)로 변환하면서 데이터가 손실될 수 있습니다.
d:\programming\github\2dportfolio\tankgame\structure.cpp(40): warning C4244: '인수': 'float'에서 'int'(으)로 변환하면서 데이터가 손실될 수 있습니다.
d:\programming\github\2dportfolio\tankgame\structure.cpp(46): warning C4244: '인수': 'float'에서 'int'(으)로 변환하면서 데이터가 손실될 수 있습니다.
d:\programming\github\2dportfolio\tankgame\structure.cpp(50): warning C4244: '인수': 'float'에서 'int'(으)로 변환하면서 데이터가 손실될 수 있습니다.
d:\programming\github\2dportfolio\tankgame\structure.cpp(53): warning C4244: '인수': 'float'에서 'int'(으)로 변환하면서 데이터가 손실될 수 있습니다.
d:\programming\github\2dportfolio\tankgame\structure.cpp(56): warning C4244: '인수': 'float'에서 'int'(으)로 변환하면서 데이터가 손실될 수 있습니다.
  startPage.cpp
  myTank.cpp
d:\programming\github\2dportfolio\tankgame\mytank.cpp(64): warning C4305: '+=': 'double'에서 'float'(으)로 잘립니다.
d:\programming\github\2dportfolio\tankgame\mytank.cpp(67): warning C4305: '-=': 'double'에서 'float'(으)로 잘립니다.
d:\programming\github\2dportfolio\tankgame\mytank.cpp(109): warning C4244: '인수': 'float'에서 'int'(으)로 변환하면서 데이터가 손실될 수 있습니다.
d:\programming\github\2dportfolio\tankgame\mytank.cpp(246): warning C4018: '<': signed 또는 unsigned가 일치하지 않습니다.
d:\programming\github\2dportfolio\tankgame\mytank.cpp(249): warning C4018: '<': signed 또는 unsigned가 일치하지 않습니다.
  missionSelect.cpp
  mission1.cpp
d:\programming\github\2dportfolio\tankgame\mission1.cpp(44): warning C4244: '인수': 'int'에서 'float'(으)로 변환하면서 데이터가 손실될 수 있습니다.
d:\programming\github\2dportfolio\tankgame\mission1.cpp(47): warning C4244: '인수': 'int'에서 'float'(으)로 변환하면서 데이터가 손실될 수 있습니다.
d:\programming\github\2dportfolio\tankgame\mission1.cpp(51): warning C4244: '인수': 'int'에서 'float'(으)로 변환하면서 데이터가 손실될 수 있습니다.
d:\programming\github\2dportfolio\tankgame\mission1.cpp(55): warning C4244: '인수': 'int'에서 'float'(으)로 변환하면서 데이터가 손실될 수 있습니다.
d:\programming\github\2dportfolio\tankgame\mission1.cpp(194): warning C4244: '인수': 'float'에서 'int'(으)로 변환하면서 데이터가 손실될 수 있습니다.
d:\programming\github\2dportfolio\tankgame\mission1.cpp(211): warning C4018: '<': signed 또는 unsigned가 일치하지 않습니다.
d:\programming\github\2dportfolio\tankgame\mission1.cpp(217): warning C4244: '인수': 'float'에서 'int'(으)로 변환하면서 데이터가 손실될 수 있습니다.
d:\programming\github\2dportfolio\tankgame\mission1.cpp(231): warning C4244: '인수': 'float'에서 'int'(으)로 변환하면서 데이터가 손실될 수 있습니다.
d:\programming\github\2dportfolio\tankgame\mission1.cpp(242): warning C4018: '<': signed 또는 unsigned가 일치하지 않습니다.
d:\programming\github\2dportfolio\tankgame\mission1.cpp(243): warning C4018: '<': signed 또는 unsigned가 일치하지 않습니다.
d:\programming\github\2dportfolio\tankgame\mission1.cpp(244): warning C4805: '==': 연산에 'BOOL' 형식과 'bool' 형식을 함께 사용하는 것은 안전하지 않습니다.
  missile.cpp
d:\programming\github\2dportfolio\tankgame\missile.cpp(63): warning C4244: '인수': 'float'에서 'int'(으)로 변환하면서 데이터가 손실될 수 있습니다.
d:\programming\github\2dportfolio\tankgame\missile.cpp(64): warning C4244: '인수': 'float'에서 'BYTE'(으)로 변환하면서 데이터가 손실될 수 있습니다.
d:\programming\github\2dportfolio\tankgame\missile.cpp(64): warning C4244: '인수': 'float'에서 'int'(으)로 변환하면서 데이터가 손실될 수 있습니다.
d:\programming\github\2dportfolio\tankgame\missile.cpp(67): warning C4244: '인수': 'float'에서 'int'(으)로 변환하면서 데이터가 손실될 수 있습니다.
  mainGame.cpp
  keyManager.cpp
  introductionPage.cpp
  imageManager.cpp
  image.cpp
d:\programming\github\2dportfolio\tankgame\image.cpp(567): warning C4244: '인수': 'float'에서 'int'(으)로 변환하면서 데이터가 손실될 수 있습니다.
d:\programming\github\2dportfolio\tankgame\image.cpp(653): warning C4244: '인수': 'float'에서 'int'(으)로 변환하면서 데이터가 손실될 수 있습니다.
  hpBar.cpp
d:\programming\github\2dportfolio\tankgame\hpbar.cpp(26): warning C4244: '인수': 'float'에서 'int'(으)로 변환하면서 데이터가 손실될 수 있습니다.
d:\programming\github\2dportfolio\tankgame\hpbar.cpp(27): warning C4244: '인수': 'float'에서 'int'(으)로 변환하면서 데이터가 손실될 수 있습니다.
  gameNode.cpp
d:\programming\github\2dportfolio\tankgame\gamenode.cpp(108): warning C4244: '=': 'float'에서 'LONG'(으)로 변환하면서 데이터가 손실될 수 있습니다.
d:\programming\github\2dportfolio\tankgame\gamenode.cpp(109): warning C4244: '=': 'float'에서 'LONG'(으)로 변환하면서 데이터가 손실될 수 있습니다.
d:\programming\github\2dportfolio\tankgame\gamenode.cpp(95): warning C4101: 'hdc' :참조되지 않은 지역 변수입니다.
d:\programming\github\2dportfolio\tankgame\gamenode.cpp(94): warning C4101: 'ps' :참조되지 않은 지역 변수입니다.
  enemyTankManager.cpp
d:\programming\github\2dportfolio\tankgame\enemytankmanager.cpp(58): warning C4805: '==': 연산에 'BOOL' 형식과 'bool' 형식을 함께 사용하는 것은 안전하지 않습니다.
  enemyTank.cpp
d:\programming\github\2dportfolio\tankgame\enemytank.cpp(14): warning C4305: '인수': 'double'에서 'float'(으)로 잘립니다.
d:\programming\github\2dportfolio\tankgame\enemytank.cpp(62): warning C4305: '+=': 'double'에서 'float'(으)로 잘립니다.
d:\programming\github\2dportfolio\tankgame\enemytank.cpp(65): warning C4305: '-=': 'double'에서 'float'(으)로 잘립니다.
d:\programming\github\2dportfolio\tankgame\enemytank.cpp(106): warning C4244: '인수': 'float'에서 'int'(으)로 변환하면서 데이터가 손실될 수 있습니다.
d:\programming\github\2dportfolio\tankgame\enemytank.cpp(113): warning C4244: '인수': 'float'에서 'int'(으)로 변환하면서 데이터가 손실될 수 있습니다.
d:\programming\github\2dportfolio\tankgame\enemytank.cpp(114): warning C4244: '인수': 'float'에서 'int'(으)로 변환하면서 데이터가 손실될 수 있습니다.
  코드를 생성하고 있습니다...
  WindowAPI.vcxproj -> D:\Programming\GitHub\2DPortfolio\TankGame\Debug\WindowAPI.exe
  WindowAPI.vcxproj -> D:\Programming\GitHub\2DPortfolio\TankGame\Debug\WindowAPI.pdb (Full PDB)
